{"codeLength":142,"inputLength":0,"language":"python","level":"info","message":"Starting code execution: 43b05fad-4a79-4cc2-8eec-68e29fdf8586","timestamp":"2025-07-15T18:46:16.686Z"}
{"codeLength":142,"inputLength":0,"language":"python","level":"info","message":"Starting code execution: 9f5b35ab-27e5-4f30-9448-a80f55096e3c","timestamp":"2025-07-15T18:46:23.749Z"}
{"codeLength":242,"inputLength":0,"language":"cpp","level":"info","message":"Starting code execution: 15987677-2703-4833-9593-ee6c6ebe4822","timestamp":"2025-07-15T18:46:29.173Z"}
{"codeLength":142,"inputLength":0,"language":"python","level":"info","message":"Starting code execution: b0f765e8-20f2-457c-bff3-7fb9d551acca","timestamp":"2025-07-15T18:46:38.775Z"}
{"codeLength":242,"inputLength":0,"language":"cpp","level":"info","message":"Starting code execution: 2fbc563f-59d1-4946-a703-2b51aae5eaf0","timestamp":"2025-07-15T18:51:19.048Z"}
{"codeLength":242,"inputLength":0,"language":"cpp","level":"info","message":"Starting code execution: 1f37e289-74f0-4c75-9d85-40972b23931c","timestamp":"2025-07-15T18:51:27.729Z"}
{"codeLength":142,"inputLength":0,"language":"python","level":"info","message":"Starting code execution: 354c3c6e-5925-4cc5-97f9-73d2efdd539d","timestamp":"2025-07-15T18:51:36.955Z"}
{"codeLength":168,"inputLength":0,"language":"python","level":"info","message":"Starting code execution: 1187d1ed-7dd8-4d38-9746-9ab3d1b28f7c","timestamp":"2025-07-15T18:52:56.165Z"}
{"codeLength":142,"inputLength":0,"language":"python","level":"info","message":"Starting code execution: 57c9ee5c-505f-4f71-aabd-258c8efd321d","timestamp":"2025-07-16T06:32:09.947Z"}
{"codeLength":392,"inputLength":26,"language":"python","level":"info","message":"Starting code execution: ce7d351a-6152-4a9f-91b3-30d8d66f559d","timestamp":"2025-07-16T06:44:46.054Z"}
{"codeLength":435,"inputLength":26,"language":"python","level":"info","message":"Starting code execution: eed2067b-1bd7-4195-80cd-5f419c8a8a8b","timestamp":"2025-07-16T06:44:54.368Z"}
{"codeLength":538,"inputLength":26,"language":"python","level":"info","message":"Starting code execution: 50adbd59-18e9-468c-a4b4-9f737f8a1f11","timestamp":"2025-07-16T06:46:36.850Z"}
{"codeLength":340,"inputLength":30,"language":"python","level":"info","message":"Starting code execution: b69763fe-5ab7-4662-838b-e3ce759f38ef","timestamp":"2025-07-16T07:06:20.611Z"}
{"codeLength":322,"inputLength":30,"language":"python","level":"info","message":"Starting code execution: 3731a466-7cd3-4907-bd23-6a3b916fd91e","timestamp":"2025-07-16T07:06:38.305Z"}
{"codeLength":139,"inputLength":30,"language":"python","level":"info","message":"Starting code execution: 34180f82-76f6-4040-85b3-2effc5aeb689","timestamp":"2025-07-16T11:29:33.965Z"}
{"language":"python","level":"info","message":"Starting solution submission: d4aea887-6113-48be-9acd-b5a5a314b95a","problemId":"68774c602d2dc1412e4b5a6c","testCasesCount":3,"timestamp":"2025-07-16T13:28:32.203Z"}
{"codeLength":139,"inputLength":13,"language":"python","level":"info","message":"Starting code execution: 20a69ebe-1c06-4157-98d8-2dbcd8d12f6f","timestamp":"2025-07-16T13:28:32.203Z"}
{"codeLength":139,"inputLength":9,"language":"python","level":"info","message":"Starting code execution: 25a25775-1641-4b8d-8b63-049aa7c4e290","timestamp":"2025-07-16T13:28:32.301Z"}
{"codeLength":139,"inputLength":7,"language":"python","level":"info","message":"Starting code execution: b16ac45a-a146-424f-9927-fc95f4e80842","timestamp":"2025-07-16T13:28:32.390Z"}
{"language":"python","level":"info","message":"Starting function-based solution submission: 51871e50-24bb-40da-b3e2-95fa5b973123","problemId":"sample","testCasesCount":1,"timestamp":"2025-07-16T14:18:57.831Z"}
{"codeLength":3749,"inputLength":0,"language":"python","level":"info","message":"Starting code execution: b66d4516-f01e-4a50-82bc-05ec275376b8","timestamp":"2025-07-16T14:18:57.832Z"}
{"language":"python","level":"info","message":"Starting function-based solution submission: 50622bc2-4772-4ffe-9ce9-333a61bf87ff","problemId":"6877b43c5e67d6380a57686d","testCasesCount":3,"timestamp":"2025-07-16T14:19:00.965Z"}
{"codeLength":3843,"inputLength":0,"language":"python","level":"info","message":"Starting code execution: 3375bb58-47f2-4d67-bf48-abf1de5fe433","timestamp":"2025-07-16T14:19:00.965Z"}
{"language":"cpp","level":"info","message":"Starting function-based solution submission: 91e5607f-c153-46b3-aa2f-112402e35a2e","problemId":"6877b43c5e67d6380a57686d","testCasesCount":3,"timestamp":"2025-07-16T14:20:40.984Z"}
{"codeLength":2476,"inputLength":0,"language":"cpp","level":"info","message":"Starting code execution: 60cb7355-43a6-446b-ae82-771b6450b43a","timestamp":"2025-07-16T14:20:40.985Z"}
{"language":"cpp","level":"info","message":"Starting function-based solution submission: 0407e92f-b474-4ba1-b8f3-32ab883d854a","problemId":"sample","testCasesCount":1,"timestamp":"2025-07-16T14:30:42.104Z"}
{"codeLength":2410,"inputLength":0,"language":"cpp","level":"info","message":"Starting code execution: 5839c93b-8bb3-4b07-9d14-e11281a3ca0d","timestamp":"2025-07-16T14:30:42.105Z"}
{"language":"cpp","level":"info","message":"Starting function-based solution submission: e157a316-a891-4766-b5ca-30897e06c55a","problemId":"6877b72ef436489d5c1e2068","testCasesCount":3,"timestamp":"2025-07-16T14:30:43.941Z"}
{"codeLength":2488,"inputLength":0,"language":"cpp","level":"info","message":"Starting code execution: e2b42c8f-8243-4ed1-8f15-0b49b6fc7c55","timestamp":"2025-07-16T14:30:43.942Z"}
{"language":"python","level":"info","message":"Starting function-based solution submission: 13de0a44-566d-4d61-b5f6-74dacf2d4d0f","problemId":"sample","testCasesCount":1,"timestamp":"2025-08-10T04:02:21.552Z"}
{"codeLength":4279,"inputLength":0,"language":"python","level":"info","message":"Starting code execution: 7ae6fd8b-a2f5-473b-a598-57baa9e6f387","timestamp":"2025-08-10T04:02:21.555Z"}
{"language":"python","level":"info","message":"Starting function-based solution submission: e20a7ea1-17a3-4023-a231-deca4e545c64","problemId":"6877b72ef436489d5c1e2068","testCasesCount":3,"timestamp":"2025-08-10T04:02:27.957Z"}
{"codeLength":4371,"inputLength":0,"language":"python","level":"info","message":"Starting code execution: 352cd651-8943-45e7-9337-272e1311730a","timestamp":"2025-08-10T04:02:27.959Z"}
{"language":"python","level":"info","message":"Starting function-based solution submission: 88261cd1-5046-4258-8049-3946c079fc6c","problemId":"sample","testCasesCount":1,"timestamp":"2025-08-10T04:02:35.778Z"}
{"codeLength":4279,"inputLength":0,"language":"python","level":"info","message":"Starting code execution: f8998c62-cdf1-4275-bd35-f1d8b2adeaa5","timestamp":"2025-08-10T04:02:35.780Z"}
{"language":"python","level":"info","message":"Starting function-based solution submission: df87cd3f-3ad6-4790-8602-a28f1b737595","problemId":"6877b72ef436489d5c1e2068","testCasesCount":3,"timestamp":"2025-08-10T04:02:37.982Z"}
{"codeLength":4371,"inputLength":0,"language":"python","level":"info","message":"Starting code execution: 9c3b2bdc-02da-40a6-912d-3b013e02eb0d","timestamp":"2025-08-10T04:02:37.983Z"}
{"language":"python","level":"info","message":"Starting function-based solution submission: 096e7340-0aaa-4b33-b7c3-6229257faa1c","problemId":"sample","testCasesCount":1,"timestamp":"2025-08-10T04:02:39.894Z"}
{"codeLength":4279,"inputLength":0,"language":"python","level":"info","message":"Starting code execution: 3c18fc9c-5a8e-43a7-971b-ea80f9dd9a65","timestamp":"2025-08-10T04:02:39.895Z"}
{"language":"python","level":"info","message":"Starting function-based solution submission: b3ab048d-6af4-4565-8b25-ca754e74b83b","problemId":"sample","testCasesCount":1,"timestamp":"2025-08-10T04:03:15.842Z"}
{"codeLength":4279,"inputLength":0,"language":"python","level":"info","message":"Starting code execution: ed73c51e-ade7-41ff-8bc0-2a71b6f76777","timestamp":"2025-08-10T04:03:15.848Z"}
{"language":"python","level":"info","message":"Starting function-based solution submission: be19f5d2-a559-4059-80ab-598641d6728b","problemId":"6877b72ef436489d5c1e2068","testCasesCount":3,"timestamp":"2025-08-10T04:03:20.888Z"}
{"codeLength":4371,"inputLength":0,"language":"python","level":"info","message":"Starting code execution: 15b69f7c-b8e7-4316-a0df-c06ed9723bc4","timestamp":"2025-08-10T04:03:20.890Z"}
{"codeLength":20,"inputLength":0,"language":"python","level":"info","message":"Starting code execution: ebc13dd0-df26-4775-b3cb-674d8c74e63b","timestamp":"2025-08-10T04:21:22.977Z"}
{"language":"python","level":"info","message":"Starting function-based solution submission: 77778cec-0c24-484f-979a-10c4cdbd6f28","problemId":"test123","testCasesCount":1,"timestamp":"2025-08-10T04:21:26.701Z"}
{"codeLength":4254,"inputLength":0,"language":"python","level":"info","message":"Starting code execution: d0b4eca7-81ab-4c57-a40b-e795927d6e4d","timestamp":"2025-08-10T04:21:26.702Z"}
{"language":"python","level":"info","message":"Starting function-based solution submission: dae08d2d-585f-48cc-b03e-c8f3136f98aa","problemId":"test123","testCasesCount":1,"timestamp":"2025-08-10T04:22:05.413Z"}
{"codeLength":4254,"inputLength":0,"language":"python","level":"info","message":"Starting code execution: 4b7442dd-9259-4241-b382-2cba8b2bd834","timestamp":"2025-08-10T04:22:05.413Z"}
